#
# There is insufficient memory for the Java Runtime Environment to continue.
# Native memory allocation (mmap) failed to map 100663296 bytes for G1 virtual space
# Possible reasons:
#   The system is out of physical RAM or swap space
#   The process is running with CompressedOops enabled, and the Java Heap may be blocking the growth of the native heap
# Possible solutions:
#   Reduce memory load on the system
#   Increase physical memory or swap space
#   Check if swap backing store is full
#   Decrease Java heap size (-Xmx/-Xms)
#   Decrease number of Java threads
#   Decrease Java thread stack sizes (-Xss)
#   Set larger code cache with -XX:ReservedCodeCacheSize=
#   JVM is running with Unscaled Compressed Oops mode in which the Java heap is
#     placed in the first 4GB address space. The Java Heap base address is the
#     maximum limit for the native heap growth. Please use -XX:HeapBaseMinAddress
#     to set the Java Heap base and to place the Java Heap above 4GB virtual address.
# This output file may be truncated or incomplete.
#
#  Out of Memory Error (os_windows.cpp:3530), pid=22980, tid=23012
#
# JRE version:  (18.0.2+9) (build )
# Java VM: Java HotSpot(TM) 64-Bit Server VM (18.0.2+9-61, mixed mode, sharing, tiered, compressed oops, compressed class ptrs, g1 gc, windows-amd64)
# No core dump will be written. Minidumps are not enabled by default on client versions of Windows
#

---------------  S U M M A R Y ------------

Command Line: -Dfile.encoding=UTF-8 --module-path=C:\Users\josen\git\PBL1\PBL1\bin;C:\Users\josen\eclipse-workspace\library\javafx-sdk-19\lib\javafx.base.jar;C:\Users\josen\eclipse-workspace\library\javafx-sdk-19\lib\javafx.controls.jar;C:\Users\josen\eclipse-workspace\library\javafx-sdk-19\lib\javafx.fxml.jar;C:\Users\josen\eclipse-workspace\library\javafx-sdk-19\lib\javafx.graphics.jar;C:\Users\josen\eclipse-workspace\library\javafx-sdk-19\lib\javafx.media.jar;C:\Users\josen\eclipse-workspace\library\javafx-sdk-19\lib\javafx.swing.jar;C:\Users\josen\eclipse-workspace\library\javafx-sdk-19\lib\javafx.web.jar;C:\Users\josen\eclipse-workspace\library\javafx-sdk-19\lib\javafx-swt.jar;C:\Users\josen\.p2\pool\plugins\org.eclipse.fx.ide.css.jfx8_3.8.0.202204150904.jar;C:\Users\josen\.p2\pool\plugins\org.junit.jupiter.api_5.8.1.v20211018-1956.jar;C:\Users\josen\.p2\pool\plugins\org.junit.jupiter.engine_5.8.1.v20211018-1956.jar;C:\Users\josen\.p2\pool\plugins\org.junit.jupiter.migrationsupport_5.8.1.v20211018-1956.jar;C:\Users\josen\.p2\pool\plugins\org.junit.jupiter.params_5.8.1.v20211018-1956.jar;C:\Users\josen\.p2\pool\plugins\org.junit.platform.commons_1.8.1.v20211018-1956.jar;C:\Users\josen\.p2\pool\plugins\org.junit.platform.engine_1.8.1.v20211018-1956.jar;C:\Users\josen\.p2\pool\plugins\org.junit.platform.launcher_1.8.1.v20211018-1956.jar;C:\Users\josen\.p2\pool\plugins\org.junit.platform.runner_1.8.1.v20211018-1956.jar;C:\Users\josen\.p2\pool\plugins\org.junit.platform.suite.api_1.8.1.v20211018-1956.jar;C:\Users\josen\.p2\pool\plugins\org.junit.platform.suite.engine_1.8.1.v20211028-1957.jar;C:\Users\josen\.p2\pool\plugins\org.junit.platform.suite.commons_1.8.1.v20211018-1956.jar;C:\Users\josen\.p2\pool\plugins\org.junit.vintage.engine_5.8.1.v20211018-1956.jar;C:\Users\josen\.p2\pool\plugins\org.opentest4j_1.2.0.v20211018-1956.jar;C:\Users\josen\.p2\pool\plugins\org.apiguardian_1.1.2.v20211018-1956.jar;C:\Users\josen\.p2\pool\plugins\org.junit_4.13.2.v20211018-1956.jar;C:\Users\josen\.p2\pool\plugins-XX:+ShowCodeDetailsInExceptionMessages -Djdk.module.main=PBL1 PBL1/app.Main

Host: Intel(R) Core(TM) i5-5200U CPU @ 2.20GHz, 4 cores, 5G,  Windows 10 , 64 bit Build 19041 (10.0.19041.2251)
Time: Sat Dec  3 12:37:27 2022 Hora Padrão da Bahia elapsed time: 0.050713 seconds (0d 0h 0m 0s)

---------------  T H R E A D  ---------------

Current thread (0x000001a9984f41e0):  JavaThread "Unknown thread" [_thread_in_vm, id=23012, stack(0x0000003690f00000,0x0000003691000000)]

Stack: [0x0000003690f00000,0x0000003691000000]
Native frames: (J=compiled Java code, j=interpreted, Vv=VM code, C=native code)
V  [jvm.dll+0x6993ca]
V  [jvm.dll+0x7f481d]
V  [jvm.dll+0x7f612e]
V  [jvm.dll+0x7f67e3]
V  [jvm.dll+0x25cdaf]
V  [jvm.dll+0x696319]
V  [jvm.dll+0x68ae4a]
V  [jvm.dll+0x3223eb]
V  [jvm.dll+0x329dc6]
V  [jvm.dll+0x37eade]
V  [jvm.dll+0x37ed0f]
V  [jvm.dll+0x2fa16a]
V  [jvm.dll+0x2fb1cd]
V  [jvm.dll+0x7c3450]
V  [jvm.dll+0x38be61]
V  [jvm.dll+0x7a2073]
V  [jvm.dll+0x40dc3f]
V  [jvm.dll+0x40f611]
C  [jli.dll+0x526b]
C  [ucrtbase.dll+0x21bb2]
C  [KERNEL32.DLL+0x174b4]
C  [ntdll.dll+0x526a1]


---------------  P R O C E S S  ---------------

Threads class SMR info:
_java_thread_list=0x00007ffe83fbe550, length=0, elements={
}

Java Threads: ( => current thread )

Other Threads:
  0x000001a998543cc0 WorkerThread "GC Thread#0" [stack: 0x0000003691000000,0x0000003691100000] [id=7144]
  0x000001a998552fc0 ConcurrentGCThread "G1 Main Marker" [stack: 0x0000003691100000,0x0000003691200000] [id=19888]
  0x000001a9985548d0 WorkerThread "G1 Conc#0" [stack: 0x0000003691200000,0x0000003691300000] [id=23240]

[error occurred during error reporting (printing all threads), id 0xc0000005, EXCEPTION_ACCESS_VIOLATION (0xc0000005) at pc=0x00007ffe837ea707]

VM state: not at safepoint (not fully initialized)

VM Mutex/Monitor currently owned by a thread:  ([mutex/lock_event])
[0x000001a9984ef800] Heap_lock - owner thread: 0x000001a9984f41e0

Heap address: 0x00000000a1800000, size: 1512 MB, Compressed Oops mode: 32-bit

CDS archive(s) mapped at: [0x0000000000000000-0x0000000000000000-0x0000000000000000), size 0, SharedBaseAddress: 0x0000000800000000, ArchiveRelocationMode: 0.
Narrow klass base: 0x0000000000000000, Narrow klass shift: 0, Narrow klass range: 0x0

GC Precious Log:
 CardTable entry size: 512
 Card Set container configuration: InlinePtr #cards 5 size 8 Array Of Cards #cards 12 size 40 Howl #buckets 4 coarsen threshold 1843 Howl Bitmap #cards 512 size 80 coarsen threshold 460 Card regions per heap region 1 cards per card region 2048

Heap:
 garbage-first heap   total 0K, used 0K [0x00000000a1800000, 0x0000000100000000)
  region size 1024K, 0 young (0K), 0 survivors (0K)

[error occurred during error reporting (printing heap information), id 0xc0000005, EXCEPTION_ACCESS_VIOLATION (0xc0000005) at pc=0x00007ffe83bd1859]

GC Heap History (0 events):
No events

Deoptimization events (0 events):
No events

Classes loaded (0 events):
No events

Classes unloaded (0 events):
No events

Classes redefined (0 events):
No events

Internal exceptions (0 events):
No events

VM Operations (0 events):
No events

Events (1 events):
Event: 0.012 Loaded shared library C:\Program Files\Java\jdk-18.0.2\bin\java.dll


Dynamic libraries:
0x00007ff7202a0000 - 0x00007ff7202b0000 	C:\Program Files\Java\jdk-18.0.2\bin\javaw.exe
0x00007ffee6390000 - 0x00007ffee6588000 	C:\WINDOWS\SYSTEM32\ntdll.dll
0x00007ffee5b90000 - 0x00007ffee5c4f000 	C:\WINDOWS\System32\KERNEL32.DLL
0x00007ffee3a90000 - 0x00007ffee3d62000 	C:\WINDOWS\System32\KERNELBASE.dll
0x00007ffee3ed0000 - 0x00007ffee3fd0000 	C:\WINDOWS\System32\ucrtbase.dll
0x00007ffeca500000 - 0x00007ffeca518000 	C:\Program Files\Java\jdk-18.0.2\bin\jli.dll
0x00007ffee5dd0000 - 0x00007ffee5e7e000 	C:\WINDOWS\System32\ADVAPI32.dll
0x00007ffee6210000 - 0x00007ffee62ae000 	C:\WINDOWS\System32\msvcrt.dll
0x00007ffee62b0000 - 0x00007ffee634c000 	C:\WINDOWS\System32\sechost.dll
0x00007ffee6010000 - 0x00007ffee6135000 	C:\WINDOWS\System32\RPCRT4.dll
0x00007ffee4f40000 - 0x00007ffee50dd000 	C:\WINDOWS\System32\USER32.dll
0x00007ffee3e70000 - 0x00007ffee3e92000 	C:\WINDOWS\System32\win32u.dll
0x00007ffee5f60000 - 0x00007ffee5f8b000 	C:\WINDOWS\System32\GDI32.dll
0x00007ffee4170000 - 0x00007ffee427f000 	C:\WINDOWS\System32\gdi32full.dll
0x00007ffee40d0000 - 0x00007ffee416d000 	C:\WINDOWS\System32\msvcp_win.dll
0x00007ffed8620000 - 0x00007ffed863a000 	C:\Program Files\Java\jdk-18.0.2\bin\VCRUNTIME140.dll
0x00007ffecfc60000 - 0x00007ffecfefa000 	C:\WINDOWS\WinSxS\amd64_microsoft.windows.common-controls_6595b64144ccf1df_6.0.19041.1110_none_60b5254171f9507e\COMCTL32.dll
0x00007ffed8090000 - 0x00007ffed809a000 	C:\WINDOWS\SYSTEM32\VERSION.dll
0x00007ffee50e0000 - 0x00007ffee5112000 	C:\WINDOWS\System32\IMM32.DLL
0x00007ffedf550000 - 0x00007ffedf55c000 	C:\Program Files\Java\jdk-18.0.2\bin\vcruntime140_1.dll
0x00007ffea60e0000 - 0x00007ffea616d000 	C:\Program Files\Java\jdk-18.0.2\bin\msvcp140.dll
0x00007ffe834e0000 - 0x00007ffe840f1000 	C:\Program Files\Java\jdk-18.0.2\bin\server\jvm.dll
0x00007ffee4d40000 - 0x00007ffee4d48000 	C:\WINDOWS\System32\PSAPI.DLL
0x00007ffed81a0000 - 0x00007ffed81c7000 	C:\WINDOWS\SYSTEM32\WINMM.dll
0x00007ffed0680000 - 0x00007ffed0689000 	C:\WINDOWS\SYSTEM32\WSOCK32.dll
0x00007ffee6140000 - 0x00007ffee61ab000 	C:\WINDOWS\System32\WS2_32.dll
0x00007ffee1840000 - 0x00007ffee1852000 	C:\WINDOWS\SYSTEM32\kernel.appcore.dll
0x00007ffedf380000 - 0x00007ffedf38a000 	C:\Program Files\Java\jdk-18.0.2\bin\jimage.dll
0x00007ffece500000 - 0x00007ffece6e4000 	C:\WINDOWS\SYSTEM32\DBGHELP.DLL
0x00007ffeddf90000 - 0x00007ffeddfbc000 	C:\WINDOWS\SYSTEM32\dbgcore.DLL
0x00007ffee3d70000 - 0x00007ffee3df2000 	C:\WINDOWS\System32\bcryptPrimitives.dll
0x00007ffec83c0000 - 0x00007ffec83e5000 	C:\Program Files\Java\jdk-18.0.2\bin\java.dll

dbghelp: loaded successfully - version: 4.0.5 - missing functions: none
symbol engine: initialized successfully - sym options: 0x614 - pdb path: .;C:\Program Files\Java\jdk-18.0.2\bin;C:\WINDOWS\SYSTEM32;C:\WINDOWS\WinSxS\amd64_microsoft.windows.common-controls_6595b64144ccf1df_6.0.19041.1110_none_60b5254171f9507e;C:\Program Files\Java\jdk-18.0.2\bin\server

VM Arguments:
jvm_args: -Dfile.encoding=UTF-8 --module-path=C:\Users\josen\git\PBL1\PBL1\bin;C:\Users\josen\eclipse-workspace\library\javafx-sdk-19\lib\javafx.base.jar;C:\Users\josen\eclipse-workspace\library\javafx-sdk-19\lib\javafx.controls.jar;C:\Users\josen\eclipse-workspace\library\javafx-sdk-19\lib\javafx.fxml.jar;C:\Users\josen\eclipse-workspace\library\javafx-sdk-19\lib\javafx.graphics.jar;C:\Users\josen\eclipse-workspace\library\javafx-sdk-19\lib\javafx.media.jar;C:\Users\josen\eclipse-workspace\library\javafx-sdk-19\lib\javafx.swing.jar;C:\Users\josen\eclipse-workspace\library\javafx-sdk-19\lib\javafx.web.jar;C:\Users\josen\eclipse-workspace\library\javafx-sdk-19\lib\javafx-swt.jar;C:\Users\josen\.p2\pool\plugins\org.eclipse.fx.ide.css.jfx8_3.8.0.202204150904.jar;C:\Users\josen\.p2\pool\plugins\org.junit.jupiter.api_5.8.1.v20211018-1956.jar;C:\Users\josen\.p2\pool\plugins\org.junit.jupiter.engine_5.8.1.v20211018-1956.jar;C:\Users\josen\.p2\pool\plugins\org.junit.jupiter.migrationsupport_5.8.1.v20211018-1956.jar;C:\Users\josen\.p2\pool\plugins\org.junit.jupiter.params_5.8.1.v20211018-1956.jar;C:\Users\josen\.p2\pool\plugins\org.junit.platform.commons_1.8.1.v20211018-1956.jar;C:\Users\josen\.p2\pool\plugins\org.junit.platform.engine_1.8.1.v20211018-1956.jar;C:\Users\josen\.p2\pool\plugins\org.junit.platform.launcher_1.8.1.v20211018-1956.jar;C:\Users\josen\.p2\pool\plugins\org.junit.platform.runner_1.8.1.v20211018-1956.jar;C:\Users\josen\.p2\pool\plugins\org.junit.platform.suite.api_1.8.1.v20211018-1956.jar;C:\Users\josen\.p2\pool\plugins\org.junit.platform.suite.engine_1.8.1.v20211028-1957.jar;C:\Users\josen\.p2\pool\plugins\org.junit.platform.suite.commons_1.8.1.v20211018-1956.jar;C:\Users\josen\.p2\pool\plugins\org.junit.vintage.engine_5.8.1.v20211018-1956.jar;C:\Users\josen\.p2\pool\plugins\org.opentest4j_1.2.0.v20211018-1956.jar;C:\Users\josen\.p2\pool\plugins\org.apiguardian_1.1.2.v20211018-1956.jar;C:\Users\josen\.p2\pool\plugins\org.junit_4.13.2.v20211018-1956.jar;C:\Users\josen\.p2\pool\plugins-XX:+ShowCodeDetailsInExceptionMessages -Djdk.module.main=PBL1 
java_command: PBL1/app.Main
java_class_path (initial): <not set>
Launcher Type: SUN_STANDARD

[Global flags]
     intx CICompilerCount                          = 3                                         {product} {ergonomic}
     uint ConcGCThreads                            = 1                                         {product} {ergonomic}
     uint G1ConcRefinementThreads                  = 4                                         {product} {ergonomic}
   size_t G1HeapRegionSize                         = 1048576                                   {product} {ergonomic}
    uintx GCDrainStackTargetSize                   = 64                                        {product} {ergonomic}
   size_t InitialHeapSize                          = 100663296                                 {product} {ergonomic}
   size_t MarkStackSize                            = 4194304                                   {product} {ergonomic}
   size_t MaxHeapSize                              = 1585446912                                {product} {ergonomic}
   size_t MinHeapDeltaBytes                        = 1048576                                   {product} {ergonomic}
   size_t MinHeapSize                              = 8388608                                   {product} {ergonomic}
    uintx NonNMethodCodeHeapSize                   = 5832780                                {pd product} {ergonomic}
    uintx NonProfiledCodeHeapSize                  = 122912730                              {pd product} {ergonomic}
    uintx ProfiledCodeHeapSize                     = 122912730                              {pd product} {ergonomic}
    uintx ReservedCodeCacheSize                    = 251658240                              {pd product} {ergonomic}
     bool SegmentedCodeCache                       = true                                      {product} {ergonomic}
     bool ShowCodeDetailsInExceptionMessages       = true                                   {manageable} {command line}
   size_t SoftMaxHeapSize                          = 1585446912                             {manageable} {ergonomic}
     bool UseCompressedClassPointers               = true                           {product lp64_product} {ergonomic}
     bool UseCompressedOops                        = true                           {product lp64_product} {ergonomic}
     bool UseG1GC                                  = true                                      {product} {ergonomic}
     bool UseLargePagesIndividualAllocation        = false                                  {pd product} {ergonomic}

Logging:
Log output configuration:
 #0: stdout all=warning uptime,level,tags foldmultilines=false
 #1: stderr all=off uptime,level,tags foldmultilines=false

Environment Variables:
PATH=C:\Program Files\Common Files\Oracle\Java\javapath;C:\Program Files (x86)\Common Files\Oracle\Java\javapath;C:\Program Files (x86)\Intel\iCLS Client\;C:\Program Files\Intel\iCLS Client\;C:\WINDOWS\system32;C:\WINDOWS;C:\WINDOWS\System32\Wbem;C:\WINDOWS\System32\WindowsPowerShell\v1.0\;C:\Program Files (x86)\Intel\Intel(R) Management Engine Components\DAL;C:\Program Files\Intel\Intel(R) Management Engine Components\DAL;C:\Program Files (x86)\Intel\Intel(R) Management Engine Components\IPT;C:\Program Files\Intel\Intel(R) Management Engine Components\IPT;C:\Program Files (x86)\Skype\Phone\;C:\Program Files (x86)\Windows Live\Shared;C:\WINDOWS\System32\OpenSSH\;C:\MinGW\bin;C:\Program Files\Git\cmd;C:\Users\josen\AppData\Local\Programs\Python\Python39\Scripts\;C:\Users\josen\AppData\Local\Programs\Python\Python39\;C:\Users\josen\AppData\Local\Microsoft\WindowsApps;;C:\Users\josen\AppData\Local\Programs\Microsoft VS Code\bin
USERNAME=josen
OS=Windows_NT
PROCESSOR_IDENTIFIER=Intel64 Family 6 Model 61 Stepping 4, GenuineIntel



---------------  S Y S T E M  ---------------

OS:
 Windows 10 , 64 bit Build 19041 (10.0.19041.2251)
OS uptime: 1 days 0:10 hours

CPU: total 4 (initial active 4) (2 cores per cpu, 2 threads per core) family 6 model 61 stepping 4 microcode 0x2d, cx8, cmov, fxsr, ht, mmx, 3dnowpref, sse, sse2, sse3, ssse3, sse4.1, sse4.2, popcnt, lzcnt, tsc, tscinvbit, avx, avx2, aes, erms, clmul, bmi1, bmi2, adx, fma, vzeroupper, clflush

Memory: 4k page, system-wide physical 6046M (771M free)
TotalPageFile size 24471M (AvailPageFile size 84M)
current process WorkingSet (physical memory assigned to process): 10M, peak: 10M
current process commit charge ("private bytes"): 51M, peak: 147M

vm_info: Java HotSpot(TM) 64-Bit Server VM (18.0.2+9-61) for windows-amd64 JRE (18.0.2+9-61), built on Jun  7 2022 13:09:01 by "mach5one" with MS VC++ 16.8 / 16.9 (VS2019)

END.
